<?xml version="1.0" encoding="UTF-8"?>
<!-- Generated by org.testng.reporters.JUnitXMLReporter -->
<testsuite hostname="LAPTOP-GGRQII7R" ignored="0" name="Test" tests="0" failures="0" timestamp="2020-08-31T15:17:27 PDT" time="0.632" errors="0">
  <testcase name="@AfterClass Extentsreport" time="0.024" classname="com.testRunner.TestRunner">
    <failure type="java.lang.NullPointerException">
      <![CDATA[java.lang.NullPointerException
at com.vimalselvam.cucumber.listener.Reporter.loadXMLConfig(Reporter.java:57)
at com.testRunner.TestRunner.Extentsreport(TestRunner.java:35)
at java.util.ArrayList.forEach(ArrayList.java:1259)
... Removed 25 stack frames]]>
    </failure>
  </testcase> <!-- @AfterClass Extentsreport -->
</testsuite> <!-- Test -->
